n = 100
n = 400
n = 700
n = 1000
n = 1300
n = 1600
n = 1900
n = 2200
n = 2500
n = 2800
n = 3100
n = 3400
n = 3700
n = 4000
n = 4300
retrying, something went wrong,error:  ValueError line is vertical
n = 4600
n = 4900
n = 5200
n = 5500
n = 5800
n = 6100
n = 6400
n = 6700
n = 7000
n = 7300
retrying, something went wrong,error:  ValueError line is vertical
n = 7600
n = 7900
n = 8200
n = 8500
n = 8800
n = 9100
n = 9400
retrying, something went wrong,error:  ValueError line is vertical
n = 9700
n = 10000
n = 100
n = 400
n = 700
n = 1000
n = 1300
n = 1600
n = 1900
n = 2200
n = 2500
n = 2800
n = 3100
n = 3400
n = 3700
n = 4000
n = 4300
n = 4600
n = 4900
n = 5200
n = 5500
n = 5800
n = 6100
n = 6400
n = 6700
n = 7000
n = 7300
n = 7600
n = 7900
n = 8200
n = 8500
n = 8800
n = 9100
n = 9400
n = 9700
n = 10000
n = 100
n = 400
n = 700
n = 1000
n = 1300
n = 1600
n = 1900
n = 2200
n = 2500
n = 2800
n = 3100
n = 3400
n = 3700
n = 4000
n = 4300
n = 4600
n = 4900
n = 5200
n = 5500
n = 5800
n = 6100
n = 6400
n = 6700
n = 7000
n = 7300
n = 7600
n = 7900
n = 8200
n = 8500
n = 8800
n = 9100
n = 9400
n = 9700
n = 10000
n = 100
n = 400
n = 700
n = 1000
n = 1300
n = 1600
n = 1900
n = 2200
n = 2500
n = 2800
n = 3100
n = 3400
n = 3700
n = 4000
n = 4300
n = 4600
n = 4900
n = 5200
n = 5500
n = 5800
n = 6100
n = 6400
n = 6700
n = 7000
n = 7300
n = 7600
n = 7900
n = 8200
n = 8500
n = 8800
retrying, something went wrong,error:  LinAlgError Singular matrix
n = 9100
n = 9400
n = 9700
n = 10000
n = 100
n = 400
n = 700
n = 1000
n = 1300
n = 1600
n = 1900
n = 2200
n = 2500
n = 2800
n = 3100
n = 3400
n = 3700
n = 4000
n = 4300
n = 4600
n = 4900
n = 5200
n = 5500
n = 5800
n = 6100
n = 6400
n = 6700
n = 7000
n = 7300
n = 7600
n = 7900
n = 8200
n = 8500
n = 8800
n = 9100
n = 9400
n = 9700
n = 10000
n = 100
n = 400
n = 700
n = 1000
n = 1300
n = 1600
n = 1900
n = 2200
n = 2500
n = 2800
n = 3100
n = 3400
n = 3700
n = 4000
n = 4300
n = 4600
n = 4900
n = 5200
n = 5500
n = 5800
n = 6100
n = 6400
n = 6700
n = 7000
n = 7300
n = 7600
n = 7900
n = 8200
n = 8500
n = 8800
n = 9100
n = 9400
n = 9700
n = 10000
n = 100
n = 400
n = 700
n = 1000
n = 1300
n = 1600
n = 1900
n = 2200
n = 2500
n = 2800
n = 3100
n = 3400
n = 3700
n = 4000
n = 4300
writing bad program
n = 4600
retrying, something went wrong,error:  LinAlgError Singular matrix
n = 4900
retrying, something went wrong,error:  ValueError line is vertical
writing bad program
n = 5200
n = 5500
n = 5800
n = 6100
n = 6400
n = 6700
n = 7000
n = 7300
n = 7600
n = 7900
n = 8200
n = 8500
retrying, something went wrong,error:  ValueError line is vertical
n = 8800
n = 9100
n = 9400
n = 9700
n = 10000
n = 100
n = 400
n = 700
n = 1000
n = 1300
n = 1600
n = 1900
n = 2200
n = 2500
n = 2800
n = 3100
n = 3400
n = 3700
n = 4000
n = 4300
n = 4600
n = 4900
n = 5200
n = 5500
n = 5800
n = 6100
n = 6400
n = 6700
n = 7000
n = 7300
n = 7600
n = 7900
n = 8200
n = 8500
n = 8800
n = 9100
n = 9400
n = 9700
n = 10000
n = 100
n = 400
n = 700
n = 1000
n = 1300
n = 1600
n = 1900
n = 2200
n = 2500
n = 2800
n = 3100
n = 3400
n = 3700
n = 4000
n = 4300
n = 4600
n = 4900
n = 5200
n = 5500
n = 5800
n = 6100
n = 6400
n = 6700
n = 7000
n = 7300
n = 7600
n = 7900
n = 8200
n = 8500
n = 8800
n = 9100
n = 9400
n = 9700
n = 10000
n = 100
n = 400
n = 700
n = 1000
n = 1300
n = 1600
n = 1900
n = 2200
n = 2500
n = 2800
n = 3100
n = 3400
n = 3700
n = 4000
n = 4300
n = 4600
n = 4900
n = 5200
n = 5500
n = 5800
n = 6100
n = 6400
n = 6700
n = 7000
n = 7300
n = 7600
n = 7900
n = 8200
n = 8500
n = 8800
n = 9100
n = 9400
n = 9700
n = 10000
n = 100
n = 400
n = 700
n = 1000
n = 1300
n = 1600
n = 1900
n = 2200
n = 2500
n = 2800
n = 3100
n = 3400
n = 3700
n = 4000
n = 4300
n = 4600
n = 4900
n = 5200
n = 5500
n = 5800
n = 6100
n = 6400
n = 6700
n = 7000
n = 7300
n = 7600
n = 7900
n = 8200
n = 8500
n = 8800
n = 9100
n = 9400
n = 9700
n = 10000
n = 100
n = 400
n = 700
n = 1000
n = 1300
n = 1600
n = 1900
n = 2200
n = 2500
n = 2800
n = 3100
n = 3400
n = 3700
n = 4000
n = 4300
n = 4600
n = 4900
n = 5200
n = 5500
n = 5800
n = 6100
n = 6400
n = 6700
n = 7000
n = 7300
n = 7600
n = 7900
n = 8200
n = 8500
n = 8800
n = 9100
n = 9400
n = 9700
n = 10000
n = 100
n = 400
n = 700
n = 1000
n = 1300
n = 1600
n = 1900
n = 2200
n = 2500
n = 2800
n = 3100
n = 3400
n = 3700
n = 4000
n = 4300
n = 4600
n = 4900
n = 5200
n = 5500
retrying, something went wrong,error:  ValueError line is vertical
n = 5800
n = 6100
n = 6400
n = 6700
n = 7000
n = 7300
n = 7600
n = 7900
n = 8200
n = 8500
retrying, something went wrong,error:  LinAlgError Singular matrix
n = 8800
n = 9100
n = 9400
n = 9700
n = 10000
n = 100
n = 400
n = 700
n = 1000
n = 1300
n = 1600
n = 1900
n = 2200
n = 2500
n = 2800
n = 3100
n = 3400
n = 3700
n = 4000
n = 4300
n = 4600
n = 4900
n = 5200
n = 5500
n = 5800
n = 6100
n = 6400
n = 6700
n = 7000
n = 7300
n = 7600
n = 7900
n = 8200
n = 8500
n = 8800
n = 9100
n = 9400
n = 9700
n = 10000
n = 100
n = 400
n = 700
n = 1000
n = 1300
n = 1600
n = 1900
n = 2200
n = 2500
n = 2800
n = 3100
n = 3400
n = 3700
n = 4000
n = 4300
n = 4600
n = 4900
n = 5200
n = 5500
n = 5800
n = 6100
n = 6400
n = 6700
n = 7000
n = 7300
n = 7600
n = 7900
n = 8200
n = 8500
n = 8800
n = 9100
n = 9400
n = 9700
n = 10000
n = 100
n = 400
n = 700
n = 1000
n = 1300
n = 1600
n = 1900
n = 2200
n = 2500
n = 2800
n = 3100
n = 3400
n = 3700
n = 4000
n = 4300
n = 4600
n = 4900
n = 5200
n = 5500
n = 5800
n = 6100
n = 6400
n = 6700
retrying, something went wrong,error:  ValueError line is vertical
n = 7000
n = 7300
n = 7600
n = 7900
n = 8200
n = 8500
n = 8800
writing bad program
n = 9100
n = 9400
n = 9700
n = 10000
n = 100
n = 400
n = 700
n = 1000
n = 1300
n = 1600
n = 1900
n = 2200
n = 2500
n = 2800
n = 3100
n = 3400
n = 3700
n = 4000
n = 4300
n = 4600
n = 4900
n = 5200
n = 5500
n = 5800
n = 6100
n = 6400
n = 6700
n = 7000
n = 7300
n = 7600
n = 7900
n = 8200
n = 8500
n = 8800
n = 9100
n = 9400
n = 9700
n = 10000
n = 100
n = 400
n = 700
n = 1000
n = 1300
n = 1600
n = 1900
n = 2200
n = 2500
n = 2800
n = 3100
n = 3400
n = 3700
n = 4000
n = 4300
n = 4600
n = 4900
n = 5200
n = 5500
n = 5800
n = 6100
n = 6400
n = 6700
n = 7000
n = 7300
n = 7600
n = 7900
n = 8200
n = 8500
n = 8800
n = 9100
n = 9400
n = 9700
n = 10000
n = 100
n = 400
n = 700
n = 1000
n = 1300
n = 1600
n = 1900
n = 2200
n = 2500
n = 2800
n = 3100
n = 3400
n = 3700
n = 4000
n = 4300
n = 4600
n = 4900
n = 5200
n = 5500
n = 5800
n = 6100
n = 6400
n = 6700
n = 7000
n = 7300
n = 7600
n = 7900
n = 8200
n = 8500
n = 8800
n = 9100
n = 9400
n = 9700
n = 10000
n = 100
n = 400
n = 700
n = 1000
n = 1300
n = 1600
n = 1900
n = 2200
n = 2500
n = 2800
n = 3100
n = 3400
n = 3700
n = 4000
n = 4300
n = 4600
n = 4900
n = 5200
n = 5500
n = 5800
n = 6100
n = 6400
n = 6700
n = 7000
n = 7300
n = 7600
n = 7900
n = 8200
n = 8500
n = 8800
n = 9100
n = 9400
n = 9700
n = 10000
n = 100
n = 400
n = 700
n = 1000
n = 1300
n = 1600
n = 1900
n = 2200
n = 2500
n = 2800
n = 3100
n = 3400
n = 3700
n = 4000
n = 4300
n = 4600
n = 4900
n = 5200
n = 5500
n = 5800
n = 6100
n = 6400
n = 6700
n = 7000
n = 7300
n = 7600
n = 7900
n = 8200
n = 8500
n = 8800
n = 9100
n = 9400
n = 9700
n = 10000
n = 100
n = 400
n = 700
n = 1000
n = 1300
n = 1600
n = 1900
n = 2200
n = 2500
n = 2800
n = 3100
n = 3400
n = 3700
n = 4000
n = 4300
n = 4600
n = 4900
n = 5200
n = 5500
n = 5800
n = 6100
retrying, something went wrong,error:  ValueError line is vertical
n = 6400
n = 6700
n = 7000
n = 7300
n = 7600
n = 7900
n = 8200
retrying, something went wrong,error:  ValueError line is vertical
n = 8500
n = 8800
n = 9100
n = 9400
n = 9700
n = 10000
n = 100
n = 400
n = 700
n = 1000
n = 1300
n = 1600
n = 1900
n = 2200
n = 2500
n = 2800
n = 3100
n = 3400
n = 3700
n = 4000
n = 4300
n = 4600
n = 4900
n = 5200
n = 5500
n = 5800
n = 6100
n = 6400
n = 6700
n = 7000
n = 7300
n = 7600
n = 7900
n = 8200
n = 8500
n = 8800
n = 9100
n = 9400
n = 9700
n = 10000
n = 100
n = 400
n = 700
n = 1000
n = 1300
n = 1600
n = 1900
n = 2200
n = 2500
n = 2800
n = 3100
n = 3400
n = 3700
n = 4000
n = 4300
n = 4600
n = 4900
n = 5200
n = 5500
n = 5800
n = 6100
n = 6400
n = 6700
n = 7000
n = 7300
n = 7600
n = 7900
n = 8200
n = 8500
n = 8800
n = 9100
n = 9400
n = 9700
n = 10000
done
n = 100
n = 500
n = 900
n = 1300
n = 1700
n = 2100
n = 2500
n = 2900
n = 3300
n = 3700
n = 4100
n = 4500
n = 4900
n = 5300
n = 5700
n = 6100
n = 6500
n = 6900
n = 7300
retrying, something went wrong,error:  ValueError line is vertical
n = 7700
n = 8100
n = 8500
n = 8900
n = 9300
n = 9700
n = 10100
n = 10500
n = 10900
n = 11300
n = 11700
n = 12100
retrying, something went wrong,error:  LinAlgError Singular matrix
n = 12500
n = 12900
n = 13300
retrying, something went wrong,error:  ValueError line is vertical
n = 13700
n = 14100
n = 14500
n = 14900
n = 100
n = 500
n = 900
n = 1300
n = 1700
n = 2100
n = 2500
n = 2900
n = 3300
n = 3700
n = 4100
n = 4500
n = 4900
n = 5300
n = 5700
n = 6100
n = 6500
n = 6900
n = 7300
n = 7700
n = 8100
retrying, something went wrong,error:  ValueError line is vertical
n = 8500
n = 8900
n = 9300
n = 9700
n = 10100
n = 10500
n = 10900
n = 11300
n = 11700
n = 12100
retrying, something went wrong,error:  LinAlgError Singular matrix
retrying, something went wrong,error:  ValueError line is vertical
n = 12500
n = 12900
n = 13300
n = 13700
n = 14100
n = 14500
n = 14900
n = 100
n = 500
n = 900
n = 1300
n = 1700
n = 2100
n = 2500
n = 2900
n = 3300
n = 3700
n = 4100
n = 4500
n = 4900
n = 5300
n = 5700
n = 6100
n = 6500
n = 6900
n = 7300
n = 7700
n = 8100
n = 8500
n = 8900
n = 9300
n = 9700
n = 10100
n = 10500
n = 10900
n = 11300
n = 11700
n = 12100
n = 12500
n = 12900
n = 13300
n = 13700
n = 14100
n = 14500
n = 14900
n = 100
n = 500
n = 900
n = 1300
n = 1700
n = 2100
n = 2500
n = 2900
n = 3300
n = 3700
n = 4100
n = 4500
n = 4900
n = 5300
n = 5700
n = 6100
n = 6500
n = 6900
n = 7300
n = 7700
n = 8100
n = 8500
n = 8900
n = 9300
n = 9700
n = 10100
n = 10500
n = 10900
n = 11300
n = 11700
n = 12100
n = 12500
n = 12900
n = 13300
n = 13700
n = 14100
n = 14500
n = 14900
n = 100
n = 500
n = 900
n = 1300
n = 1700
n = 2100
n = 2500
n = 2900
n = 3300
n = 3700
n = 4100
n = 4500
n = 4900
n = 5300
n = 5700
n = 6100
n = 6500
n = 6900
n = 7300
n = 7700
n = 8100
n = 8500
n = 8900
n = 9300
n = 9700
n = 10100
n = 10500
n = 10900
n = 11300
n = 11700
n = 12100
n = 12500
n = 12900
n = 13300
n = 13700
n = 14100
n = 14500
n = 14900
n = 100
n = 500
n = 900
n = 1300
n = 1700
n = 2100
n = 2500
n = 2900
n = 3300
n = 3700
n = 4100
n = 4500
n = 4900
n = 5300
n = 5700
n = 6100
n = 6500
n = 6900
n = 7300
n = 7700
n = 8100
n = 8500
n = 8900
n = 9300
n = 9700
n = 10100
n = 10500
n = 10900
n = 11300
n = 11700
n = 12100
n = 12500
n = 12900
n = 13300
n = 13700
n = 14100
n = 14500
n = 14900
n = 100
n = 500
n = 900
n = 1300
n = 1700
n = 2100
n = 2500
n = 2900
n = 3300
n = 3700
n = 4100
n = 4500
n = 4900
n = 5300
n = 5700
n = 6100
n = 6500
n = 6900
n = 7300
n = 7700
n = 8100
retrying, something went wrong,error:  LinAlgError Singular matrix
n = 8500
n = 8900
n = 9300
n = 9700
retrying, something went wrong,error:  ValueError line is vertical
n = 10100
n = 10500
n = 10900
n = 11300
retrying, something went wrong,error:  ValueError line is vertical
retrying, something went wrong,error:  LinAlgError Singular matrix
n = 11700
n = 12100
retrying, something went wrong,error:  ValueError line is vertical
n = 12500
n = 12900
n = 13300
n = 13700
writing bad program
n = 14100
n = 14500
n = 14900
n = 100
n = 500
n = 900
n = 1300
retrying, something went wrong,error:  LinAlgError Singular matrix
n = 1700
n = 2100
n = 2500
n = 2900
n = 3300
n = 3700
n = 4100
n = 4500
n = 4900
retrying, something went wrong,error:  LinAlgError Singular matrix
retrying, something went wrong,error:  ValueError line is vertical
n = 5300
n = 5700
n = 6100
n = 6500
n = 6900
n = 7300
n = 7700
n = 8100
n = 8500
n = 8900
n = 9300
n = 9700
n = 10100
n = 10500
n = 10900
retrying, something went wrong,error:  ValueError line is vertical
n = 11300
n = 11700
n = 12100
n = 12500
n = 12900
retrying, something went wrong,error:  LinAlgError Singular matrix
n = 13300
n = 13700
n = 14100
n = 14500
n = 14900
n = 100
n = 500
n = 900
n = 1300
n = 1700
n = 2100
n = 2500
n = 2900
n = 3300
n = 3700
n = 4100
n = 4500
n = 4900
n = 5300
n = 5700
n = 6100
n = 6500
n = 6900
n = 7300
n = 7700
n = 8100
n = 8500
n = 8900
n = 9300
n = 9700
n = 10100
n = 10500
n = 10900
n = 11300
n = 11700
n = 12100
n = 12500
n = 12900
n = 13300
n = 13700
n = 14100
n = 14500
n = 14900
n = 100
n = 500
n = 900
n = 1300
n = 1700
n = 2100
n = 2500
n = 2900
n = 3300
n = 3700
n = 4100
n = 4500
n = 4900
n = 5300
n = 5700
n = 6100
n = 6500
n = 6900
n = 7300
n = 7700
n = 8100
n = 8500
n = 8900
n = 9300
n = 9700
n = 10100
n = 10500
n = 10900
n = 11300
n = 11700
n = 12100
n = 12500
n = 12900
n = 13300
n = 13700
n = 14100
n = 14500
n = 14900
n = 100
n = 500
n = 900
n = 1300
n = 1700
n = 2100
n = 2500
n = 2900
n = 3300
n = 3700
n = 4100
n = 4500
n = 4900
n = 5300
n = 5700
n = 6100
n = 6500
n = 6900
n = 7300
n = 7700
n = 8100
n = 8500
n = 8900
n = 9300
n = 9700
n = 10100
n = 10500
n = 10900
n = 11300
n = 11700
n = 12100
n = 12500
n = 12900
n = 13300
n = 13700
n = 14100
n = 14500
n = 14900
n = 100
n = 500
n = 900
n = 1300
n = 1700
n = 2100
n = 2500
n = 2900
n = 3300
n = 3700
n = 4100
n = 4500
n = 4900
n = 5300
n = 5700
n = 6100
n = 6500
n = 6900
n = 7300
n = 7700
n = 8100
n = 8500
n = 8900
n = 9300
n = 9700
n = 10100
n = 10500
n = 10900
n = 11300
n = 11700
n = 12100
n = 12500
n = 12900
n = 13300
n = 13700
n = 14100
n = 14500
n = 14900
n = 100
n = 500
n = 900
n = 1300
n = 1700
n = 2100
n = 2500
n = 2900
n = 3300
n = 3700
n = 4100
n = 4500
retrying, something went wrong,error:  ValueError line is vertical
n = 4900
n = 5300
writing bad program
n = 5700
n = 6100
n = 6500
n = 6900
n = 7300
n = 7700
n = 8100
n = 8500
retrying, something went wrong,error:  LinAlgError Singular matrix
n = 8900
n = 9300
n = 9700
n = 10100
n = 10500
n = 10900
n = 11300
n = 11700
n = 12100
n = 12500
retrying, something went wrong,error:  ValueError line is vertical
n = 12900
n = 13300
retrying, something went wrong,error:  LinAlgError Singular matrix
retrying, something went wrong,error:  ValueError line is vertical
n = 13700
retrying, something went wrong,error:  LinAlgError Singular matrix
retrying, something went wrong,error:  LinAlgError Singular matrix
writing bad program
n = 14100
n = 14500
retrying, something went wrong,error:  ValueError line is vertical
n = 14900
n = 100
n = 500
n = 900
n = 1300
n = 1700
n = 2100
n = 2500
n = 2900
n = 3300
n = 3700
n = 4100
n = 4500
n = 4900
n = 5300
n = 5700
n = 6100
n = 6500
n = 6900
n = 7300
n = 7700
n = 8100
n = 8500
n = 8900
retrying, something went wrong,error:  ValueError line is vertical
n = 9300
n = 9700
n = 10100
n = 10500
n = 10900
n = 11300
n = 11700
n = 12100
n = 12500
n = 12900
n = 13300
n = 13700
n = 14100
n = 14500
writing bad program
n = 14900
n = 100
n = 500
n = 900
n = 1300
n = 1700
n = 2100
n = 2500
n = 2900
n = 3300
n = 3700
n = 4100
n = 4500
n = 4900
n = 5300
n = 5700
n = 6100
n = 6500
n = 6900
n = 7300
n = 7700
n = 8100
n = 8500
n = 8900
n = 9300
n = 9700
n = 10100
n = 10500
n = 10900
n = 11300
n = 11700
n = 12100
n = 12500
n = 12900
n = 13300
n = 13700
n = 14100
n = 14500
n = 14900
n = 100
n = 500
n = 900
n = 1300
n = 1700
n = 2100
n = 2500
n = 2900
n = 3300
n = 3700
n = 4100
n = 4500
n = 4900
n = 5300
n = 5700
n = 6100
n = 6500
n = 6900
n = 7300
n = 7700
n = 8100
n = 8500
n = 8900
n = 9300
n = 9700
n = 10100
n = 10500
n = 10900
n = 11300
n = 11700
n = 12100
n = 12500
n = 12900
n = 13300
n = 13700
n = 14100
n = 14500
n = 14900
n = 100
n = 500
n = 900
n = 1300
n = 1700
n = 2100
n = 2500
n = 2900
n = 3300
n = 3700
n = 4100
n = 4500
n = 4900
n = 5300
n = 5700
n = 6100
n = 6500
n = 6900
n = 7300
n = 7700
n = 8100
n = 8500
n = 8900
n = 9300
n = 9700
n = 10100
n = 10500
n = 10900
n = 11300
n = 11700
n = 12100
n = 12500
n = 12900
n = 13300
n = 13700
n = 14100
n = 14500
n = 14900
n = 100
n = 500
n = 900
n = 1300
n = 1700
n = 2100
n = 2500
n = 2900
n = 3300
n = 3700
n = 4100
n = 4500
n = 4900
n = 5300
n = 5700
n = 6100
n = 6500
n = 6900
n = 7300
n = 7700
n = 8100
n = 8500
n = 8900
n = 9300
n = 9700
n = 10100
n = 10500
n = 10900
n = 11300
n = 11700
n = 12100
n = 12500
n = 12900
n = 13300
n = 13700
n = 14100
n = 14500
n = 14900
n = 100
n = 500
n = 900
n = 1300
n = 1700
n = 2100
n = 2500
n = 2900
retrying, something went wrong,error:  LinAlgError Singular matrix
n = 3300
n = 3700
n = 4100
n = 4500
n = 4900
n = 5300
retrying, something went wrong,error:  LinAlgError Singular matrix
n = 5700
n = 6100
n = 6500
n = 6900
n = 7300
n = 7700
n = 8100
n = 8500
n = 8900
n = 9300
n = 9700
n = 10100
n = 10500
n = 10900
n = 11300
n = 11700
n = 12100
n = 12500
retrying, something went wrong,error:  LinAlgError Singular matrix
n = 12900
n = 13300
n = 13700
n = 14100
n = 14500
n = 14900
n = 100
n = 500
n = 900
n = 1300
n = 1700
n = 2100
retrying, something went wrong,error:  ValueError line is vertical
n = 2500
n = 2900
n = 3300
n = 3700
n = 4100
n = 4500
n = 4900
n = 5300
n = 5700
n = 6100
n = 6500
n = 6900
n = 7300
n = 7700
n = 8100
n = 8500
n = 8900
n = 9300
n = 9700
n = 10100
n = 10500
n = 10900
n = 11300
n = 11700
n = 12100
n = 12500
n = 12900
n = 13300
n = 13700
n = 14100
n = 14500
retrying, something went wrong,error:  ValueError line is vertical
n = 14900
n = 100
n = 500
n = 900
n = 1300
n = 1700
n = 2100
n = 2500
n = 2900
n = 3300
n = 3700
n = 4100
n = 4500
n = 4900
n = 5300
n = 5700
n = 6100
n = 6500
n = 6900
n = 7300
n = 7700
n = 8100
n = 8500
n = 8900
n = 9300
n = 9700
n = 10100
n = 10500
n = 10900
n = 11300
n = 11700
n = 12100
n = 12500
n = 12900
n = 13300
n = 13700
n = 14100
n = 14500
n = 14900
n = 100
n = 500
n = 900
n = 1300
n = 1700
n = 2100
n = 2500
n = 2900
n = 3300
n = 3700
n = 4100
n = 4500
n = 4900
n = 5300
n = 5700
n = 6100
n = 6500
n = 6900
n = 7300
n = 7700
n = 8100
n = 8500
n = 8900
n = 9300
n = 9700
n = 10100
n = 10500
n = 10900
n = 11300
n = 11700
n = 12100
n = 12500
n = 12900
n = 13300
n = 13700
n = 14100
n = 14500
n = 14900
n = 100
n = 500
n = 900
n = 1300
n = 1700
n = 2100
n = 2500
n = 2900
n = 3300
n = 3700
n = 4100
n = 4500
n = 4900
n = 5300
n = 5700
n = 6100
n = 6500
n = 6900
n = 7300
n = 7700
n = 8100
n = 8500
n = 8900
n = 9300
n = 9700
n = 10100
n = 10500
n = 10900
n = 11300
n = 11700
n = 12100
n = 12500
n = 12900
n = 13300
n = 13700
n = 14100
n = 14500
n = 14900
n = 100
n = 500
n = 900
n = 1300
n = 1700
n = 2100
n = 2500
n = 2900
n = 3300
n = 3700
n = 4100
n = 4500
n = 4900
n = 5300
n = 5700
n = 6100
n = 6500
n = 6900
n = 7300
n = 7700
n = 8100
n = 8500
n = 8900
n = 9300
n = 9700
n = 10100
n = 10500
n = 10900
n = 11300
n = 11700
n = 12100
n = 12500
n = 12900
n = 13300
n = 13700
n = 14100
n = 14500
n = 14900
n = 100
n = 500
n = 900
n = 1300
n = 1700
n = 2100
n = 2500
n = 2900
n = 3300
n = 3700
n = 4100
n = 4500
n = 4900
n = 5300
n = 5700
n = 6100
n = 6500
n = 6900
n = 7300
n = 7700
retrying, something went wrong,error:  LinAlgError Singular matrix
n = 8100
n = 8500
n = 8900
n = 9300
n = 9700
n = 10100
n = 10500
n = 10900
n = 11300
n = 11700
n = 12100
n = 12500
n = 12900
n = 13300
n = 13700
retrying, something went wrong,error:  LinAlgError Singular matrix
n = 14100
n = 14500
n = 14900
n = 100
n = 500
n = 900
n = 1300
n = 1700
n = 2100
n = 2500
n = 2900
n = 3300
n = 3700
n = 4100
n = 4500
retrying, something went wrong,error:  LinAlgError Singular matrix
n = 4900
n = 5300
n = 5700
n = 6100
n = 6500
n = 6900
n = 7300
n = 7700
n = 8100
n = 8500
n = 8900
n = 9300
n = 9700
n = 10100
n = 10500
n = 10900
retrying, something went wrong,error:  LinAlgError Singular matrix
retrying, something went wrong,error:  LinAlgError Singular matrix
n = 11300
n = 11700
n = 12100
n = 12500
retrying, something went wrong,error:  LinAlgError Singular matrix
n = 12900
n = 13300
n = 13700
retrying, something went wrong,error:  LinAlgError Singular matrix
n = 14100
n = 14500
retrying, something went wrong,error:  LinAlgError Singular matrix
n = 14900
n = 100
n = 500
n = 900
n = 1300
n = 1700
n = 2100
n = 2500
n = 2900
n = 3300
n = 3700
n = 4100
n = 4500
n = 4900
n = 5300
n = 5700
n = 6100
n = 6500
n = 6900
n = 7300
n = 7700
n = 8100
n = 8500
n = 8900
n = 9300
n = 9700
n = 10100
n = 10500
n = 10900
n = 11300
n = 11700
n = 12100
n = 12500
n = 12900
n = 13300
n = 13700
n = 14100
n = 14500
n = 14900
n = 100
n = 500
n = 900
n = 1300
n = 1700
n = 2100
n = 2500
n = 2900
n = 3300
n = 3700
n = 4100
n = 4500
n = 4900
n = 5300
n = 5700
n = 6100
n = 6500
n = 6900
n = 7300
n = 7700
n = 8100
n = 8500
n = 8900
n = 9300
n = 9700
n = 10100
n = 10500
n = 10900
n = 11300
n = 11700
n = 12100
n = 12500
n = 12900
n = 13300
n = 13700
n = 14100
n = 14500
n = 14900
n = 100
n = 500
n = 900
n = 1300
n = 1700
n = 2100
n = 2500
n = 2900
n = 3300
n = 3700
n = 4100
n = 4500
n = 4900
n = 5300
n = 5700
n = 6100
n = 6500
n = 6900
n = 7300
n = 7700
n = 8100
n = 8500
n = 8900
n = 9300
n = 9700
n = 10100
n = 10500
n = 10900
n = 11300
n = 11700
n = 12100
n = 12500
n = 12900
n = 13300
n = 13700
n = 14100
n = 14500
n = 14900
n = 100
n = 500
n = 900
n = 1300
n = 1700
n = 2100
n = 2500
n = 2900
n = 3300
n = 3700
n = 4100
n = 4500
n = 4900
n = 5300
n = 5700
n = 6100
n = 6500
n = 6900
n = 7300
n = 7700
n = 8100
n = 8500
n = 8900
n = 9300
n = 9700
n = 10100
n = 10500
n = 10900
n = 11300
n = 11700
n = 12100
n = 12500
n = 12900
n = 13300
n = 13700
n = 14100
n = 14500
n = 14900
n = 100
n = 500
n = 900
n = 1300
n = 1700
n = 2100
n = 2500
n = 2900
n = 3300
n = 3700
n = 4100
n = 4500
n = 4900
n = 5300
n = 5700
n = 6100
n = 6500
n = 6900
n = 7300
n = 7700
n = 8100
n = 8500
retrying, something went wrong,error:  ValueError line is vertical
n = 8900
n = 9300
n = 9700
n = 10100
n = 10500
n = 10900
n = 11300
n = 11700
n = 12100
n = 12500
n = 12900
retrying, something went wrong,error:  LinAlgError Singular matrix
n = 13300
n = 13700
n = 14100
n = 14500
n = 14900
n = 100
n = 500
n = 900
n = 1300
n = 1700
n = 2100
n = 2500
n = 2900
n = 3300
n = 3700
n = 4100
n = 4500
n = 4900
n = 5300
n = 5700
n = 6100
n = 6500
n = 6900
n = 7300
n = 7700
n = 8100
n = 8500
n = 8900
n = 9300
n = 9700
n = 10100
n = 10500
n = 10900
n = 11300
n = 11700
n = 12100
n = 12500
n = 12900
n = 13300
n = 13700
n = 14100
n = 14500
retrying, something went wrong,error:  LinAlgError Singular matrix
n = 14900
n = 100
n = 500
n = 900
n = 1300
n = 1700
n = 2100
n = 2500
n = 2900
n = 3300
n = 3700
n = 4100
n = 4500
n = 4900
n = 5300
n = 5700
n = 6100
n = 6500
n = 6900
n = 7300
n = 7700
n = 8100
n = 8500
n = 8900
n = 9300
n = 9700
n = 10100
n = 10500
n = 10900
n = 11300
n = 11700
n = 12100
n = 12500
n = 12900
n = 13300
n = 13700
n = 14100
n = 14500
n = 14900
n = 100
n = 500
n = 900
n = 1300
n = 1700
n = 2100
n = 2500
n = 2900
n = 3300
n = 3700
n = 4100
n = 4500
n = 4900
n = 5300
n = 5700
n = 6100
n = 6500
n = 6900
n = 7300
n = 7700
n = 8100
n = 8500
n = 8900
n = 9300
n = 9700
n = 10100
n = 10500
n = 10900
n = 11300
n = 11700
n = 12100
n = 12500
n = 12900
n = 13300
n = 13700
n = 14100
n = 14500
n = 14900
n = 100
n = 500
n = 900
n = 1300
n = 1700
n = 2100
n = 2500
n = 2900
n = 3300
n = 3700
n = 4100
n = 4500
n = 4900
n = 5300
n = 5700
n = 6100
n = 6500
n = 6900
n = 7300
n = 7700
n = 8100
n = 8500
n = 8900
n = 9300
n = 9700
n = 10100
n = 10500
n = 10900
n = 11300
n = 11700
n = 12100
n = 12500
n = 12900
n = 13300
n = 13700
n = 14100
n = 14500
n = 14900
n = 100
n = 500
n = 900
n = 1300
n = 1700
n = 2100
n = 2500
n = 2900
n = 3300
n = 3700
n = 4100
n = 4500
n = 4900
n = 5300
n = 5700
n = 6100
n = 6500
n = 6900
n = 7300
n = 7700
n = 8100
n = 8500
n = 8900
n = 9300
n = 9700
n = 10100
n = 10500
n = 10900
n = 11300
n = 11700
n = 12100
n = 12500
n = 12900
n = 13300
n = 13700
n = 14100
n = 14500
n = 14900
n = 100
n = 500
n = 900
n = 1300
n = 1700
n = 2100
n = 2500
n = 2900
n = 3300
n = 3700
n = 4100
n = 4500
n = 4900
n = 5300
n = 5700
n = 6100
n = 6500
n = 6900
n = 7300
n = 7700
n = 8100
writing bad program
n = 8500
n = 8900
n = 9300
retrying, something went wrong,error:  ValueError line is vertical
n = 9700
n = 10100
retrying, something went wrong,error:  LinAlgError Singular matrix
n = 10500
n = 10900
n = 11300
n = 11700
n = 12100
n = 12500
n = 12900
writing bad program
n = 13300
n = 13700
retrying, something went wrong,error:  ValueError line is vertical
n = 14100
n = 14500
n = 14900
n = 100
n = 500
n = 900
n = 1300
n = 1700
n = 2100
n = 2500
n = 2900
n = 3300
n = 3700
n = 4100
n = 4500
n = 4900
retrying, something went wrong,error:  ValueError line is vertical
n = 5300
n = 5700
n = 6100
n = 6500
n = 6900
n = 7300
n = 7700
n = 8100
n = 8500
n = 8900
n = 9300
n = 9700
n = 10100
n = 10500
n = 10900
n = 11300
n = 11700
n = 12100
n = 12500
n = 12900
n = 13300
n = 13700
n = 14100
n = 14500
n = 14900
n = 100
n = 500
n = 900
n = 1300
n = 1700
n = 2100
n = 2500
n = 2900
n = 3300
n = 3700
n = 4100
n = 4500
n = 4900
n = 5300
n = 5700
n = 6100
n = 6500
n = 6900
n = 7300
n = 7700
n = 8100
n = 8500
n = 8900
n = 9300
n = 9700
n = 10100
n = 10500
n = 10900
n = 11300
n = 11700
n = 12100
n = 12500
n = 12900
n = 13300
n = 13700
n = 14100
n = 14500
n = 14900
n = 100
n = 500
n = 900
n = 1300
n = 1700
n = 2100
n = 2500
n = 2900
n = 3300
n = 3700
n = 4100
n = 4500
n = 4900
n = 5300
n = 5700
n = 6100
n = 6500
n = 6900
n = 7300
n = 7700
n = 8100
n = 8500
n = 8900
n = 9300
n = 9700
n = 10100
n = 10500
n = 10900
n = 11300
n = 11700
n = 12100
n = 12500
n = 12900
n = 13300
n = 13700
n = 14100
n = 14500
n = 14900
n = 100
n = 500
n = 900
n = 1300
n = 1700
n = 2100
n = 2500
n = 2900
n = 3300
n = 3700
n = 4100
n = 4500
n = 4900
n = 5300
n = 5700
n = 6100
n = 6500
n = 6900
n = 7300
n = 7700
n = 8100
n = 8500
n = 8900
n = 9300
n = 9700
n = 10100
n = 10500
n = 10900
n = 11300
n = 11700
n = 12100
n = 12500
n = 12900
n = 13300
n = 13700
n = 14100
n = 14500
n = 14900
n = 100
n = 500
n = 900
n = 1300
n = 1700
n = 2100
n = 2500
n = 2900
n = 3300
n = 3700
n = 4100
n = 4500
n = 4900
n = 5300
n = 5700
n = 6100
n = 6500
n = 6900
n = 7300
n = 7700
n = 8100
n = 8500
n = 8900
n = 9300
n = 9700
n = 10100
n = 10500
n = 10900
n = 11300
n = 11700
n = 12100
n = 12500
n = 12900
n = 13300
n = 13700
n = 14100
n = 14500
n = 14900
done
